<?xml version="1.0" encoding="UTF-8"?>
<testsuite name="com.learn.dwstart.resources.HelloResourceTest" tests="1" skipped="0" failures="0" errors="0" timestamp="2016-04-21T15:04:05" hostname="Amrishs-MacBook-Pro.local" time="0.904">
  <properties/>
  <testcase name="testGetGreeting" classname="com.learn.dwstart.resources.HelloResourceTest" time="0.904"/>
  <system-out><![CDATA[]]></system-out>
  <system-err><![CDATA[]]></system-err>
</testsuite>
