<?xml version="1.0" encoding="UTF-8"?>
<testsuite name="com.learn.dwstart.resources.SecuredHelloResourceTest" tests="1" skipped="0" failures="0" errors="0" timestamp="2016-04-21T15:04:06" hostname="Amrishs-MacBook-Pro.local" time="0.127">
  <properties/>
  <testcase name="testgetGreeting" classname="com.learn.dwstart.resources.SecuredHelloResourceTest" time="0.127"/>
  <system-out><![CDATA[]]></system-out>
  <system-err><![CDATA[]]></system-err>
</testsuite>
